0 info it worked if it ends with ok
1 verbose cli [ 'C:\\Program Files\\nodejs\\\\node.exe',
1 verbose cli   'C:\\Program Files\\nodejs\\node_modules\\npm\\bin\\npm-cli.js',
1 verbose cli   'install',
1 verbose cli   'cferdinandi/smooth-scroll' ]
2 info using npm@2.9.1
3 info using node@v0.12.3
4 verbose node symlink C:\Program Files\nodejs\\node.exe
5 verbose install initial load of C:\WebServers\home\dev\template\package.json
6 verbose installManyTop reading scoped package data from C:\WebServers\home\dev\template\node_modules\bootstrap\package.json
7 verbose installManyTop reading scoped package data from C:\WebServers\home\dev\template\node_modules\jquery\package.json
8 verbose installManyTop reading scoped package data from C:\WebServers\home\dev\template\node_modules\waypoints\package.json
9 verbose readDependencies loading dependencies from C:\WebServers\home\dev\template\package.json
10 silly cache add args [ 'cferdinandi/smooth-scroll', null ]
11 verbose cache add spec cferdinandi/smooth-scroll
12 silly cache add parsed spec { raw: 'cferdinandi/smooth-scroll',
12 silly cache add   scope: null,
12 silly cache add   name: null,
12 silly cache add   rawSpec: 'cferdinandi/smooth-scroll',
12 silly cache add   spec: 'github:cferdinandi/smooth-scroll',
12 silly cache add   type: 'hosted',
12 silly cache add   hosted:
12 silly cache add    { type: 'github',
12 silly cache add      ssh: 'git@github.com:cferdinandi/smooth-scroll.git',
12 silly cache add      sshUrl: 'git+ssh://git@github.com/cferdinandi/smooth-scroll.git',
12 silly cache add      httpsUrl: 'git+https://github.com/cferdinandi/smooth-scroll.git',
12 silly cache add      gitUrl: 'git://github.com/cferdinandi/smooth-scroll.git',
12 silly cache add      shortcut: 'github:cferdinandi/smooth-scroll',
12 silly cache add      directUrl: 'https://raw.githubusercontent.com/cferdinandi/smooth-scroll/master/package.json' } }
13 verbose addRemoteGit caching cferdinandi/smooth-scroll
14 verbose addRemoteGit cferdinandi/smooth-scroll is a repository hosted by github
15 silly tryGitProto attempting to clone git://github.com/cferdinandi/smooth-scroll.git
16 silly tryClone cloning cferdinandi/smooth-scroll via git://github.com/cferdinandi/smooth-scroll.git
17 verbose tryClone git-github-com-cferdinandi-smooth-scroll-git-1a57e1fa not in flight; caching
18 verbose git clone --template=C:\Users\Evgenii\AppData\Roaming\npm-cache\_git-remotes\_templates --mirror git://github.com/cferdinandi/smooth-scroll.git C:\Users\Evgenii\AppData\Roaming\npm-cache\_git-remotes\git-github-com-cferdinandi-smooth-scroll-git-1a57e1fa: undefined
18 verbose git clone --template=C:\Users\Evgenii\AppData\Roaming\npm-cache\_git-remotes\_templates --mirror git://github.com/cferdinandi/smooth-scroll.git C:\Users\Evgenii\AppData\Roaming\npm-cache\_git-remotes\git-github-com-cferdinandi-smooth-scroll-git-1a57e1fa: undefined
19 silly tryHTTPS attempting to clone git+https://github.com/cferdinandi/smooth-scroll.git
20 silly tryClone cloning cferdinandi/smooth-scroll via git+https://github.com/cferdinandi/smooth-scroll.git
21 verbose tryClone https-github-com-cferdinandi-smooth-scroll-git-cbf7ec95 not in flight; caching
22 verbose git clone --template=C:\Users\Evgenii\AppData\Roaming\npm-cache\_git-remotes\_templates --mirror https://github.com/cferdinandi/smooth-scroll.git C:\Users\Evgenii\AppData\Roaming\npm-cache\_git-remotes\https-github-com-cferdinandi-smooth-scroll-git-cbf7ec95: undefined
22 verbose git clone --template=C:\Users\Evgenii\AppData\Roaming\npm-cache\_git-remotes\_templates --mirror https://github.com/cferdinandi/smooth-scroll.git C:\Users\Evgenii\AppData\Roaming\npm-cache\_git-remotes\https-github-com-cferdinandi-smooth-scroll-git-cbf7ec95: undefined
23 silly trySSH attempting to clone git@github.com:cferdinandi/smooth-scroll.git
24 silly tryClone cloning cferdinandi/smooth-scroll via git@github.com:cferdinandi/smooth-scroll.git
25 verbose tryClone git-github-com-cferdinandi-smooth-scroll-git-a46d820e not in flight; caching
26 error git clone --template=C:\Users\Evgenii\AppData\Roaming\npm-cache\_git-remotes\_templates --mirror git@github.com:cferdinandi/smooth-scroll.git C:\Users\Evgenii\AppData\Roaming\npm-cache\_git-remotes\git-github-com-cferdinandi-smooth-scroll-git-a46d820e: undefined
26 error git clone --template=C:\Users\Evgenii\AppData\Roaming\npm-cache\_git-remotes\_templates --mirror git@github.com:cferdinandi/smooth-scroll.git C:\Users\Evgenii\AppData\Roaming\npm-cache\_git-remotes\git-github-com-cferdinandi-smooth-scroll-git-a46d820e: undefined
27 verbose stack Error: not found: git
27 verbose stack     at F (C:\Program Files\nodejs\node_modules\npm\node_modules\which\which.js:40:28)
27 verbose stack     at E (C:\Program Files\nodejs\node_modules\npm\node_modules\which\which.js:43:29)
27 verbose stack     at C:\Program Files\nodejs\node_modules\npm\node_modules\which\which.js:54:16
27 verbose stack     at FSReqWrap.oncomplete (fs.js:95:15)
28 verbose cwd C:\WebServers\home\dev\template
29 error Windows_NT 6.3.9600
30 error argv "C:\\Program Files\\nodejs\\\\node.exe" "C:\\Program Files\\nodejs\\node_modules\\npm\\bin\\npm-cli.js" "install" "cferdinandi/smooth-scroll"
31 error node v0.12.3
32 error npm  v2.9.1
33 error code ENOGIT
34 error not found: git
35 error Failed using git.
35 error This is most likely not a problem with npm itself.
35 error Please check if you have git installed and in your PATH.
36 verbose exit [ 1, true ]
